This is pdfTeX, Version 3.141592653-2.6-1.40.29 (TeX Live 2026/Arch Linux) (preloaded format=pdflatex 2026.3.25)  25 MAR 2026 12:22
entering extended mode
 restricted \write18 enabled.
 file:line:error style messages enabled.
 %&-line parsing enabled.
**/home/matteo/code/TrentoParking/D1/main.tex
(/home/matteo/code/TrentoParking/D1/main.tex
LaTeX2e <2025-11-01>
L3 programming layer <2026-01-19>
(/usr/share/texmf-dist/tex/latex/base/article.cls
Document Class: article 2025/01/22 v1.4n Standard LaTeX document class
(/usr/share/texmf-dist/tex/latex/base/size12.clo
File: size12.clo 2025/01/22 v1.4n Standard LaTeX file (size option)
)
\c@part=\count275
\c@section=\count276
\c@subsection=\count277
\c@subsubsection=\count278
\c@paragraph=\count279
\c@subparagraph=\count280
\c@figure=\count281
\c@table=\count282
\abovecaptionskip=\skip49
\belowcaptionskip=\skip50
\bibindent=\dimen148
) (/usr/share/texmf-dist/tex/latex/graphics/graphicx.sty
Package: graphicx 2024/12/31 v1.2e Enhanced LaTeX Graphics (DPC,SPQR)
 (/usr/share/texmf-dist/tex/latex/graphics/keyval.sty
Package: keyval 2022/05/29 v1.15 key=value parser (DPC)
\KV@toks@=\toks17
) (/usr/share/texmf-dist/tex/latex/graphics/graphics.sty
Package: graphics 2024/08/06 v1.4g Standard LaTeX Graphics (DPC,SPQR)
 (/usr/share/texmf-dist/tex/latex/graphics/trig.sty
Package: trig 2023/12/02 v1.11 sin cos tan (DPC)
) (/usr/share/texmf-dist/tex/latex/graphics-cfg/graphics.cfg
File: graphics.cfg 2016/06/04 v1.11 sample graphics configuration
)
Package graphics Info: Driver file: pdftex.def on input line 106.
 (/usr/share/texmf-dist/tex/latex/graphics-def/pdftex.def
File: pdftex.def 2025/09/29 v1.2d Graphics/color driver for pdftex
))
\Gin@req@height=\dimen149
\Gin@req@width=\dimen150
) (/usr/share/texmf-dist/tex/latex/base/inputenc.sty
Package: inputenc 2024/02/08 v1.3d Input encoding file
\inpenc@prehook=\toks18
\inpenc@posthook=\toks19
) (/usr/share/texmf-dist/tex/latex/base/fontenc.sty
Package: fontenc 2025/07/18 v2.1d Standard LaTeX package
) (/usr/share/texmf-dist/tex/generic/babel/babel.sty
Package: babel 2026/02/14 v26.3 The multilingual framework for LuaLaTeX, pdfLaTeX and XeLaTeX
\babel@savecnt=\count283
LaTeX Encoding Info:    Redeclaring text command \ij (encoding OT1) on input line 2078.
LaTeX Encoding Info:    Redeclaring text command \IJ (encoding OT1) on input line 2080.
LaTeX Encoding Info:    Redeclaring text command \ij (encoding T1) on input line 2082.
LaTeX Encoding Info:    Redeclaring text command \IJ (encoding T1) on input line 2083.
LaTeX Encoding Info:    Ignoring declaration for text command \ij (encoding ?) on input line 2084.
LaTeX Encoding Info:    Ignoring declaration for text command \IJ (encoding ?) on input line 2086.
LaTeX Encoding Info:    Ignoring declaration for text command \SS (encoding ?) on input line 2111.
\U@D=\dimen151
\l@unhyphenated=\language3
 (/usr/share/texmf-dist/tex/generic/babel/txtbabel.def)
\bbl@readstream=\read2
\bbl@dirlevel=\count284
 (/usr/share/texmf-dist/tex/generic/babel/locale/it/babel-italian.tex)
Package babel Info: Importing font and identification data for italian
(babel)             from babel-it.ini. Reported on input line 4330.
 (/usr/share/texmf-dist/tex/generic/babel/errbabel.def)

/usr/share/texmf-dist/tex/generic/babel/babel.sty:4330: Package babel Error: Unknown option 'italian'.
(babel)                Suggested actions:
(babel)                * Make sure you haven’t misspelled it
(babel)                * Check in the babel manual that it's supported
(babel)                * If supported and it's a language, you may
(babel)                  need in some distributions a separate
(babel)                  installation
(babel)                * If installed, check there isn’t an old
(babel)                  version of the required files in your system
(babel)                * If it's an unsupported language, create it with
(babel)                \babelprovide(see the manual).

See the babel package documentation for explanation.
Type  H <return>  for immediate help.
 ...                                              
                                                  
l.4330 \bbl@tempb
                 
Valid options are, among others: shorthands=, KeepShorthandsActive,
activeacute, activegrave, noconfigs, safe=, main=, math=
headfoot=, strings=, config=, hyphenmap=, or a language name.

) (/usr/share/texmf-dist/tex/latex/geometry/geometry.sty
Package: geometry 2020/01/02 v5.9 Page Geometry
 (/usr/share/texmf-dist/tex/generic/iftex/ifvtex.sty
Package: ifvtex 2019/10/25 v1.7 ifvtex legacy package. Use iftex instead.
 (/usr/share/texmf-dist/tex/generic/iftex/iftex.sty
Package: iftex 2024/12/12 v1.0g TeX engine tests
))
\Gm@cnth=\count285
\Gm@cntv=\count286
\c@Gm@tempcnt=\count287
\Gm@bindingoffset=\dimen152
\Gm@wd@mp=\dimen153
\Gm@odd@mp=\dimen154
\Gm@even@mp=\dimen155
\Gm@layoutwidth=\dimen156
\Gm@layoutheight=\dimen157
\Gm@layouthoffset=\dimen158
\Gm@layoutvoffset=\dimen159
\Gm@dimlist=\toks20
) (/usr/share/texmf-dist/tex/latex/enumitem/enumitem.sty
Package: enumitem 2025/02/06 v3.11 Customized lists
\labelindent=\skip51
\enit@outerparindent=\dimen160
\enit@toks=\toks21
\enit@inbox=\box53
\enit@count@id=\count288
\enitdp@description=\count289
) (/usr/share/texmf-dist/tex/latex/hyperref/hyperref.sty
Package: hyperref 2026-01-29 v7.01p Hypertext links for LaTeX
 (/usr/share/texmf-dist/tex/latex/kvsetkeys/kvsetkeys.sty
Package: kvsetkeys 2022-10-05 v1.19 Key value parser (HO)
) (/usr/share/texmf-dist/tex/generic/kvdefinekeys/kvdefinekeys.sty
Package: kvdefinekeys 2019-12-19 v1.6 Define keys (HO)
) (/usr/share/texmf-dist/tex/generic/pdfescape/pdfescape.sty
Package: pdfescape 2019/12/09 v1.15 Implements pdfTeX's escape features (HO)
 (/usr/share/texmf-dist/tex/generic/ltxcmds/ltxcmds.sty
Package: ltxcmds 2023-12-04 v1.26 LaTeX kernel commands for general use (HO)
) (/usr/share/texmf-dist/tex/generic/pdftexcmds/pdftexcmds.sty
Package: pdftexcmds 2020-06-27 v0.33 Utility functions of pdfTeX for LuaTeX (HO)
 (/usr/share/texmf-dist/tex/generic/infwarerr/infwarerr.sty
Package: infwarerr 2019/12/03 v1.5 Providing info/warning/error messages (HO)
)
Package pdftexcmds Info: \pdf@primitive is available.
Package pdftexcmds Info: \pdf@ifprimitive is available.
Package pdftexcmds Info: \pdfdraftmode found.
)) (/usr/share/texmf-dist/tex/latex/hycolor/hycolor.sty
Package: hycolor 2020-01-27 v1.10 Color options for hyperref/bookmark (HO)
) (/usr/share/texmf-dist/tex/latex/hyperref/nameref.sty
Package: nameref 2026-01-29 v2.58 Cross-referencing by name of section
 (/usr/share/texmf-dist/tex/latex/refcount/refcount.sty
Package: refcount 2019/12/15 v3.6 Data extraction from label references (HO)
) (/usr/share/texmf-dist/tex/generic/gettitlestring/gettitlestring.sty
Package: gettitlestring 2019/12/15 v1.6 Cleanup title references (HO)
 (/usr/share/texmf-dist/tex/latex/kvoptions/kvoptions.sty
Package: kvoptions 2022-06-15 v3.15 Key value format for package options (HO)
))
\c@section@level=\count290
) (/usr/share/texmf-dist/tex/latex/etoolbox/etoolbox.sty
Package: etoolbox 2025/10/02 v2.5m e-TeX tools for LaTeX (JAW)
\etb@tempcnta=\count291
) (/usr/share/texmf-dist/tex/generic/stringenc/stringenc.sty
Package: stringenc 2019/11/29 v1.12 Convert strings between diff. encodings (HO)
)
\@linkdim=\dimen161
\Hy@linkcounter=\count292
\Hy@pagecounter=\count293
 (/usr/share/texmf-dist/tex/latex/hyperref/pd1enc.def
File: pd1enc.def 2026-01-29 v7.01p Hyperref: PDFDocEncoding definition (HO)
Now handling font encoding PD1 ...
... no UTF-8 mapping file for font encoding PD1
) (/usr/share/texmf-dist/tex/generic/intcalc/intcalc.sty
Package: intcalc 2019/12/15 v1.3 Expandable calculations with integers (HO)
)
\Hy@SavedSpaceFactor=\count294
 (/usr/share/texmf-dist/tex/latex/hyperref/puenc.def
File: puenc.def 2026-01-29 v7.01p Hyperref: PDF Unicode definition (HO)
Now handling font encoding PU ...
... no UTF-8 mapping file for font encoding PU
)
Package hyperref Info: Hyper figures OFF on input line 4201.
Package hyperref Info: Link nesting OFF on input line 4206.
Package hyperref Info: Hyper index ON on input line 4209.
Package hyperref Info: Plain pages OFF on input line 4216.
Package hyperref Info: Backreferencing OFF on input line 4221.
Package hyperref Info: Implicit mode ON; LaTeX internals redefined.
Package hyperref Info: Bookmarks ON on input line 4468.
\c@Hy@tempcnt=\count295
 (/usr/share/texmf-dist/tex/latex/url/url.sty
\Urlmuskip=\muskip17
Package: url 2013/09/16  ver 3.4  Verb mode for urls, etc.
)
LaTeX Info: Redefining \url on input line 4807.
\XeTeXLinkMargin=\dimen162
 (/usr/share/texmf-dist/tex/generic/bitset/bitset.sty
Package: bitset 2019/12/09 v1.3 Handle bit-vector datatype (HO)
 (/usr/share/texmf-dist/tex/generic/bigintcalc/bigintcalc.sty
Package: bigintcalc 2019/12/15 v1.5 Expandable calculations on big integers (HO)
))
\Fld@menulength=\count296
\Field@Width=\dimen163
\Fld@charsize=\dimen164
Package hyperref Info: Hyper figures OFF on input line 6084.
Package hyperref Info: Link nesting OFF on input line 6089.
Package hyperref Info: Hyper index ON on input line 6092.
Package hyperref Info: backreferencing OFF on input line 6099.
Package hyperref Info: Link coloring OFF on input line 6104.
Package hyperref Info: Link coloring with OCG OFF on input line 6109.
Package hyperref Info: PDF/A mode OFF on input line 6114.
\Hy@abspage=\count297
\c@Item=\count298
\c@Hfootnote=\count299
)
Package hyperref Info: Driver (autodetected): hpdftex.
 (/usr/share/texmf-dist/tex/latex/hyperref/hpdftex.def
File: hpdftex.def 2026-01-29 v7.01p Hyperref driver for pdfTeX
\Fld@listcount=\count300
\c@bookmark@seq@number=\count301
 (/usr/share/texmf-dist/tex/latex/rerunfilecheck/rerunfilecheck.sty
Package: rerunfilecheck 2025-06-21 v1.11 Rerun checks for auxiliary files (HO)
 (/usr/share/texmf-dist/tex/generic/uniquecounter/uniquecounter.sty
Package: uniquecounter 2019/12/15 v1.4 Provide unlimited unique counter (HO)
)
Package uniquecounter Info: New unique counter `rerunfilecheck' on input line 284.
)
\Hy@SectionHShift=\skip52
) (/usr/share/texmf-dist/tex/latex/float/float.sty
Package: float 2001/11/08 v1.3d Float enhancements (AL)
\c@float@type=\count302
\float@exts=\toks22
\float@box=\box54
\@float@everytoks=\toks23
\@floatcapt=\box55
) (/usr/share/texmf-dist/tex/latex/l3backend/l3backend-pdftex.def
File: l3backend-pdftex.def 2025-10-09 L3 backend support: PDF output (pdfTeX)
\l__color_backend_stack_int=\count303
)
No file main.aux.
\openout1 = `main.aux'.

LaTeX Font Info:    Checking defaults for OML/cmm/m/it on input line 15.
LaTeX Font Info:    ... okay on input line 15.
LaTeX Font Info:    Checking defaults for OMS/cmsy/m/n on input line 15.
LaTeX Font Info:    ... okay on input line 15.
LaTeX Font Info:    Checking defaults for OT1/cmr/m/n on input line 15.
LaTeX Font Info:    ... okay on input line 15.
LaTeX Font Info:    Checking defaults for T1/cmr/m/n on input line 15.
LaTeX Font Info:    ... okay on input line 15.
LaTeX Font Info:    Checking defaults for TS1/cmr/m/n on input line 15.
LaTeX Font Info:    ... okay on input line 15.
LaTeX Font Info:    Checking defaults for OMX/cmex/m/n on input line 15.
LaTeX Font Info:    ... okay on input line 15.
LaTeX Font Info:    Checking defaults for U/cmr/m/n on input line 15.
LaTeX Font Info:    ... okay on input line 15.
LaTeX Font Info:    Checking defaults for PD1/pdf/m/n on input line 15.
LaTeX Font Info:    ... okay on input line 15.
LaTeX Font Info:    Checking defaults for PU/pdf/m/n on input line 15.
LaTeX Font Info:    ... okay on input line 15.
(/usr/share/texmf-dist/tex/context/base/mkii/supp-pdf.mkii
[Loading MPS to PDF converter (version 2006.09.02).]
\scratchcounter=\count304
\scratchdimen=\dimen165
\scratchbox=\box56
\nofMPsegments=\count305
\nofMParguments=\count306
\everyMPshowfont=\toks24
\MPscratchCnt=\count307
\MPscratchDim=\dimen166
\MPnumerator=\count308
\makeMPintoPDFobject=\count309
\everyMPtoPDFconversion=\toks25
) (/usr/share/texmf-dist/tex/latex/epstopdf-pkg/epstopdf-base.sty
Package: epstopdf-base 2020-01-24 v2.11 Base part for package epstopdf
Package epstopdf-base Info: Redefining graphics rule for `.eps' on input line 485.
 (/usr/share/texmf-dist/tex/latex/latexconfig/epstopdf-sys.cfg
File: epstopdf-sys.cfg 2010/07/13 v1.3 Configuration of (r)epstopdf for TeX Live
))
/home/matteo/code/TrentoParking/D1/main.tex:15: Undefined control sequence.
\__hook begindocument ...fter {\bbl@main@language 
                                                  }\ifbbl@single \renewcomma...
l.15 \begin{document}
                     
The control sequence at the end of the top line
of your error message was never \def'ed. If you have
misspelled it (e.g., `\hobx'), type `I' and the correct
spelling (e.g., `I\hbox'). Otherwise just continue,
and I'll forget about whatever was undefined.

Runaway argument?
\@m \let \normalsfcodes \frenchspacing \else \let \normalsfcodes \nonfrenchspacing \ETC.
/home/matteo/code/TrentoParking/D1/main.tex:16: Paragraph ended before \bbl@tempe was complete.
<to be read again> 
                   \par 
l.16 
     
I suspect you've forgotten a `}', causing me to apply this
control sequence to too much text. How can we recover?
My plan is to forget the whole thing and hope for the best.

/home/matteo/code/TrentoParking/D1/main.tex:17: Undefined control sequence.
\maketitle ->\let \Hy@saved@footnotemark 
                                         \@footnotemark \let \Hy@saved@footn...
l.17 \maketitle
               
The control sequence at the end of the top line
of your error message was never \def'ed. If you have
misspelled it (e.g., `\hobx'), type `I' and the correct
spelling (e.g., `I\hbox'). Otherwise just continue,
and I'll forget about whatever was undefined.

/home/matteo/code/TrentoParking/D1/main.tex:17: Missing \endcsname inserted.
<to be read again> 
                   \csname\endcsname 
l.17 \maketitle
               
The control sequence marked <to be read again> should
not appear between \csname and \endcsname.

/home/matteo/code/TrentoParking/D1/main.tex:17: Missing \endcsname inserted.
<to be read again> 
                   \csname\endcsname 
l.17 \maketitle
               
The control sequence marked <to be read again> should
not appear between \csname and \endcsname.

/home/matteo/code/TrentoParking/D1/main.tex:17: Missing \endcsname inserted.
<to be read again> 
                   \csname\endcsname 
l.17 \maketitle
               
The control sequence marked <to be read again> should
not appear between \csname and \endcsname.

/home/matteo/code/TrentoParking/D1/main.tex:17: Undefined control sequence.
\GenericError  ...                                
                                                    #4  \errhelp \@err@     ...
l.17 \maketitle
               
The control sequence at the end of the top line
of your error message was never \def'ed. If you have
misspelled it (e.g., `\hobx'), type `I' and the correct
spelling (e.g., `I\hbox'). Otherwise just continue,
and I'll forget about whatever was undefined.

/home/matteo/code/TrentoParking/D1/main.tex:17: Undefined control sequence.
\GenericError  ...                                
                                                  \let \@err@               ...
l.17 \maketitle
               
The control sequence at the end of the top line
of your error message was never \def'ed. If you have
misspelled it (e.g., `\hobx'), type `I' and the correct
spelling (e.g., `I\hbox'). Otherwise just continue,
and I'll forget about whatever was undefined.

/home/matteo/code/TrentoParking/D1/main.tex:17: Undefined control sequence.
\GenericError  ...                                
                                                  \@empty \def \MessageBreak...
l.17 \maketitle
               
The control sequence at the end of the top line
of your error message was never \def'ed. If you have
misspelled it (e.g., `\hobx'), type `I' and the correct
spelling (e.g., `I\hbox'). Otherwise just continue,
and I'll forget about whatever was undefined.

/home/matteo/code/TrentoParking/D1/main.tex:17: Undefined control sequence.
\GenericError  ...                                
                                                     \endgroup 
l.17 \maketitle
               
The control sequence at the end of the top line
of your error message was never \def'ed. If you have
misspelled it (e.g., `\hobx'), type `I' and the correct
spelling (e.g., `I\hbox'). Otherwise just continue,
and I'll forget about whatever was undefined.

/home/matteo/code/TrentoParking/D1/main.tex:17: Missing \endcsname inserted.
<to be read again> 
                   \endgroup 
l.17 \maketitle
               
The control sequence marked <to be read again> should
not appear between \csname and \endcsname.

/home/matteo/code/TrentoParking/D1/main.tex:17: Missing \endcsname inserted.
<to be read again> 
                   \csname\endcsname 
l.17 \maketitle
               
The control sequence marked <to be read again> should
not appear between \csname and \endcsname.

/home/matteo/code/TrentoParking/D1/main.tex:17: Missing \endcsname inserted.
<to be read again> 
                   \csname\endcsname 
l.17 \maketitle
               
The control sequence marked <to be read again> should
not appear between \csname and \endcsname.

/home/matteo/code/TrentoParking/D1/main.tex:17: Missing \endcsname inserted.
<to be read again> 
                   \csname\endcsname 
l.17 \maketitle
               
The control sequence marked <to be read again> should
not appear between \csname and \endcsname.

/home/matteo/code/TrentoParking/D1/main.tex:17: Undefined control sequence.
\GenericError  ...                                
                                                    #4  \errhelp \@err@     ...
l.17 \maketitle
               
The control sequence at the end of the top line
of your error message was never \def'ed. If you have
misspelled it (e.g., `\hobx'), type `I' and the correct
spelling (e.g., `I\hbox'). Otherwise just continue,
and I'll forget about whatever was undefined.

/home/matteo/code/TrentoParking/D1/main.tex:17: Undefined control sequence.
\GenericError  ...                                
                                                  \let \@err@               ...
l.17 \maketitle
               
The control sequence at the end of the top line
of your error message was never \def'ed. If you have
misspelled it (e.g., `\hobx'), type `I' and the correct
spelling (e.g., `I\hbox'). Otherwise just continue,
and I'll forget about whatever was undefined.

/home/matteo/code/TrentoParking/D1/main.tex:17: Undefined control sequence.
\GenericError  ...                                
                                                  \@empty \def \MessageBreak...
l.17 \maketitle
               
The control sequence at the end of the top line
of your error message was never \def'ed. If you have
misspelled it (e.g., `\hobx'), type `I' and the correct
spelling (e.g., `I\hbox'). Otherwise just continue,
and I'll forget about whatever was undefined.

/home/matteo/code/TrentoParking/D1/main.tex:17: Undefined control sequence.
\GenericError  ...                                
                                                     \endgroup 
l.17 \maketitle
               
The control sequence at the end of the top line
of your error message was never \def'ed. If you have
misspelled it (e.g., `\hobx'), type `I' and the correct
spelling (e.g., `I\hbox'). Otherwise just continue,
and I'll forget about whatever was undefined.

/home/matteo/code/TrentoParking/D1/main.tex:17: Missing \endcsname inserted.
<to be read again> 
                   \endgroup 
l.17 \maketitle
               
The control sequence marked <to be read again> should
not appear between \csname and \endcsname.

/home/matteo/code/TrentoParking/D1/main.tex:17: Missing \endcsname inserted.
<to be read again> 
                   \csname\endcsname 
l.17 \maketitle
               
The control sequence marked <to be read again> should
not appear between \csname and \endcsname.

/home/matteo/code/TrentoParking/D1/main.tex:17: Missing \endcsname inserted.
<to be read again> 
                   \csname\endcsname 
l.17 \maketitle
               
The control sequence marked <to be read again> should
not appear between \csname and \endcsname.

/home/matteo/code/TrentoParking/D1/main.tex:17: Missing \endcsname inserted.
<to be read again> 
                   \csname\endcsname 
l.17 \maketitle
               
The control sequence marked <to be read again> should
not appear between \csname and \endcsname.

/home/matteo/code/TrentoParking/D1/main.tex:17: Undefined control sequence.
\GenericError  ...                                
                                                    #4  \errhelp \@err@     ...
l.17 \maketitle
               
The control sequence at the end of the top line
of your error message was never \def'ed. If you have
misspelled it (e.g., `\hobx'), type `I' and the correct
spelling (e.g., `I\hbox'). Otherwise just continue,
and I'll forget about whatever was undefined.

/home/matteo/code/TrentoParking/D1/main.tex:17: Undefined control sequence.
\GenericError  ...                                
                                                  \let \@err@               ...
l.17 \maketitle
               
The control sequence at the end of the top line
of your error message was never \def'ed. If you have
misspelled it (e.g., `\hobx'), type `I' and the correct
spelling (e.g., `I\hbox'). Otherwise just continue,
and I'll forget about whatever was undefined.

/home/matteo/code/TrentoParking/D1/main.tex:17: Undefined control sequence.
\GenericError  ...                                
                                                  \@empty \def \MessageBreak...
l.17 \maketitle
               
The control sequence at the end of the top line
of your error message was never \def'ed. If you have
misspelled it (e.g., `\hobx'), type `I' and the correct
spelling (e.g., `I\hbox'). Otherwise just continue,
and I'll forget about whatever was undefined.

/home/matteo/code/TrentoParking/D1/main.tex:17: Undefined control sequence.
\GenericError  ...                                
                                                     \endgroup 
l.17 \maketitle
               
The control sequence at the end of the top line
of your error message was never \def'ed. If you have
misspelled it (e.g., `\hobx'), type `I' and the correct
spelling (e.g., `I\hbox'). Otherwise just continue,
and I'll forget about whatever was undefined.

/home/matteo/code/TrentoParking/D1/main.tex:17: Missing \endcsname inserted.
<to be read again> 
                   \endgroup 
l.17 \maketitle
               
The control sequence marked <to be read again> should
not appear between \csname and \endcsname.

/home/matteo/code/TrentoParking/D1/main.tex:17: Missing \endcsname inserted.
<to be read again> 
                   \csname\endcsname 
l.17 \maketitle
               
The control sequence marked <to be read again> should
not appear between \csname and \endcsname.

/home/matteo/code/TrentoParking/D1/main.tex:17: Missing \endcsname inserted.
<to be read again> 
                   \csname\endcsname 
l.17 \maketitle
               
The control sequence marked <to be read again> should
not appear between \csname and \endcsname.

/home/matteo/code/TrentoParking/D1/main.tex:17: Missing \endcsname inserted.
<to be read again> 
                   \csname\endcsname 
l.17 \maketitle
               
The control sequence marked <to be read again> should
not appear between \csname and \endcsname.

/home/matteo/code/TrentoParking/D1/main.tex:17: Undefined control sequence.
\GenericError  ...                                
                                                    #4  \errhelp \@err@     ...
l.17 \maketitle
               
The control sequence at the end of the top line
of your error message was never \def'ed. If you have
misspelled it (e.g., `\hobx'), type `I' and the correct
spelling (e.g., `I\hbox'). Otherwise just continue,
and I'll forget about whatever was undefined.

/home/matteo/code/TrentoParking/D1/main.tex:17: Undefined control sequence.
\GenericError  ...                                
                                                  \let \@err@               ...
l.17 \maketitle
               
The control sequence at the end of the top line
of your error message was never \def'ed. If you have
misspelled it (e.g., `\hobx'), type `I' and the correct
spelling (e.g., `I\hbox'). Otherwise just continue,
and I'll forget about whatever was undefined.

/home/matteo/code/TrentoParking/D1/main.tex:17: Undefined control sequence.
\GenericError  ...                                
                                                  \@empty \def \MessageBreak...
l.17 \maketitle
               
The control sequence at the end of the top line
of your error message was never \def'ed. If you have
misspelled it (e.g., `\hobx'), type `I' and the correct
spelling (e.g., `I\hbox'). Otherwise just continue,
and I'll forget about whatever was undefined.

/home/matteo/code/TrentoParking/D1/main.tex:17: Undefined control sequence.
\GenericError  ...                                
                                                     \endgroup 
l.17 \maketitle
               
The control sequence at the end of the top line
of your error message was never \def'ed. If you have
misspelled it (e.g., `\hobx'), type `I' and the correct
spelling (e.g., `I\hbox'). Otherwise just continue,
and I'll forget about whatever was undefined.

/home/matteo/code/TrentoParking/D1/main.tex:17: Missing \endcsname inserted.
<to be read again> 
                   \endgroup 
l.17 \maketitle
               
The control sequence marked <to be read again> should
not appear between \csname and \endcsname.

/home/matteo/code/TrentoParking/D1/main.tex:17: Missing \endcsname inserted.
<to be read again> 
                   \csname\endcsname 
l.17 \maketitle
               
The control sequence marked <to be read again> should
not appear between \csname and \endcsname.

/home/matteo/code/TrentoParking/D1/main.tex:17: Missing \endcsname inserted.
<to be read again> 
                   \csname\endcsname 
l.17 \maketitle
               
The control sequence marked <to be read again> should
not appear between \csname and \endcsname.

/home/matteo/code/TrentoParking/D1/main.tex:17: Missing \endcsname inserted.
<to be read again> 
                   \csname\endcsname 
l.17 \maketitle
               
The control sequence marked <to be read again> should
not appear between \csname and \endcsname.

/home/matteo/code/TrentoParking/D1/main.tex:17: Undefined control sequence.
\GenericError  ...                                
                                                    #4  \errhelp \@err@     ...
l.17 \maketitle
               
The control sequence at the end of the top line
of your error message was never \def'ed. If you have
misspelled it (e.g., `\hobx'), type `I' and the correct
spelling (e.g., `I\hbox'). Otherwise just continue,
and I'll forget about whatever was undefined.

/home/matteo/code/TrentoParking/D1/main.tex:17: Undefined control sequence.
\GenericError  ...                                
                                                  \let \@err@               ...
l.17 \maketitle
               
The control sequence at the end of the top line
of your error message was never \def'ed. If you have
misspelled it (e.g., `\hobx'), type `I' and the correct
spelling (e.g., `I\hbox'). Otherwise just continue,
and I'll forget about whatever was undefined.

/home/matteo/code/TrentoParking/D1/main.tex:17: Undefined control sequence.
\GenericError  ...                                
                                                  \@empty \def \MessageBreak...
l.17 \maketitle
               
The control sequence at the end of the top line
of your error message was never \def'ed. If you have
misspelled it (e.g., `\hobx'), type `I' and the correct
spelling (e.g., `I\hbox'). Otherwise just continue,
and I'll forget about whatever was undefined.

/home/matteo/code/TrentoParking/D1/main.tex:17: Undefined control sequence.
\GenericError  ...                                
                                                     \endgroup 
l.17 \maketitle
               
The control sequence at the end of the top line
of your error message was never \def'ed. If you have
misspelled it (e.g., `\hobx'), type `I' and the correct
spelling (e.g., `I\hbox'). Otherwise just continue,
and I'll forget about whatever was undefined.

/home/matteo/code/TrentoParking/D1/main.tex:17: Missing \endcsname inserted.
<to be read again> 
                   \endgroup 
l.17 \maketitle
               
The control sequence marked <to be read again> should
not appear between \csname and \endcsname.

/home/matteo/code/TrentoParking/D1/main.tex:17: Missing \endcsname inserted.
<to be read again> 
                   \csname\endcsname 
l.17 \maketitle
               
The control sequence marked <to be read again> should
not appear between \csname and \endcsname.

/home/matteo/code/TrentoParking/D1/main.tex:17: Missing \endcsname inserted.
<to be read again> 
                   \csname\endcsname 
l.17 \maketitle
               
The control sequence marked <to be read again> should
not appear between \csname and \endcsname.

/home/matteo/code/TrentoParking/D1/main.tex:17: Missing \endcsname inserted.
<to be read again> 
                   \csname\endcsname 
l.17 \maketitle
               
The control sequence marked <to be read again> should
not appear between \csname and \endcsname.

/home/matteo/code/TrentoParking/D1/main.tex:17: Undefined control sequence.
\GenericError  ...                                
                                                    #4  \errhelp \@err@     ...
l.17 \maketitle
               
The control sequence at the end of the top line
of your error message was never \def'ed. If you have
misspelled it (e.g., `\hobx'), type `I' and the correct
spelling (e.g., `I\hbox'). Otherwise just continue,
and I'll forget about whatever was undefined.

/home/matteo/code/TrentoParking/D1/main.tex:17: Undefined control sequence.
\GenericError  ...                                
                                                  \let \@err@               ...
l.17 \maketitle
               
The control sequence at the end of the top line
of your error message was never \def'ed. If you have
misspelled it (e.g., `\hobx'), type `I' and the correct
spelling (e.g., `I\hbox'). Otherwise just continue,
and I'll forget about whatever was undefined.

/home/matteo/code/TrentoParking/D1/main.tex:17: Undefined control sequence.
\GenericError  ...                                
                                                  \@empty \def \MessageBreak...
l.17 \maketitle
               
The control sequence at the end of the top line
of your error message was never \def'ed. If you have
misspelled it (e.g., `\hobx'), type `I' and the correct
spelling (e.g., `I\hbox'). Otherwise just continue,
and I'll forget about whatever was undefined.

/home/matteo/code/TrentoParking/D1/main.tex:17: Undefined control sequence.
\GenericError  ...                                
                                                     \endgroup 
l.17 \maketitle
               
The control sequence at the end of the top line
of your error message was never \def'ed. If you have
misspelled it (e.g., `\hobx'), type `I' and the correct
spelling (e.g., `I\hbox'). Otherwise just continue,
and I'll forget about whatever was undefined.

/home/matteo/code/TrentoParking/D1/main.tex:17: Missing \endcsname inserted.
<to be read again> 
                   \endgroup 
l.17 \maketitle
               
The control sequence marked <to be read again> should
not appear between \csname and \endcsname.

/home/matteo/code/TrentoParking/D1/main.tex:17: Missing \endcsname inserted.
<to be read again> 
                   \csname\endcsname 
l.17 \maketitle
               
The control sequence marked <to be read again> should
not appear between \csname and \endcsname.

/home/matteo/code/TrentoParking/D1/main.tex:17: Missing \endcsname inserted.
<to be read again> 
                   \csname\endcsname 
l.17 \maketitle
               
The control sequence marked <to be read again> should
not appear between \csname and \endcsname.

/home/matteo/code/TrentoParking/D1/main.tex:17: Missing \endcsname inserted.
<to be read again> 
                   \csname\endcsname 
l.17 \maketitle
               
The control sequence marked <to be read again> should
not appear between \csname and \endcsname.

/home/matteo/code/TrentoParking/D1/main.tex:17: Undefined control sequence.
\GenericError  ...                                
                                                    #4  \errhelp \@err@     ...
l.17 \maketitle
               
The control sequence at the end of the top line
of your error message was never \def'ed. If you have
misspelled it (e.g., `\hobx'), type `I' and the correct
spelling (e.g., `I\hbox'). Otherwise just continue,
and I'll forget about whatever was undefined.

/home/matteo/code/TrentoParking/D1/main.tex:17: Undefined control sequence.
\GenericError  ...                                
                                                  \let \@err@               ...
l.17 \maketitle
               
The control sequence at the end of the top line
of your error message was never \def'ed. If you have
misspelled it (e.g., `\hobx'), type `I' and the correct
spelling (e.g., `I\hbox'). Otherwise just continue,
and I'll forget about whatever was undefined.

/home/matteo/code/TrentoParking/D1/main.tex:17: Undefined control sequence.
\GenericError  ...                                
                                                  \@empty \def \MessageBreak...
l.17 \maketitle
               
The control sequence at the end of the top line
of your error message was never \def'ed. If you have
misspelled it (e.g., `\hobx'), type `I' and the correct
spelling (e.g., `I\hbox'). Otherwise just continue,
and I'll forget about whatever was undefined.

/home/matteo/code/TrentoParking/D1/main.tex:17: Undefined control sequence.
\GenericError  ...                                
                                                     \endgroup 
l.17 \maketitle
               
The control sequence at the end of the top line
of your error message was never \def'ed. If you have
misspelled it (e.g., `\hobx'), type `I' and the correct
spelling (e.g., `I\hbox'). Otherwise just continue,
and I'll forget about whatever was undefined.

/home/matteo/code/TrentoParking/D1/main.tex:17: Missing \endcsname inserted.
<to be read again> 
                   \endgroup 
l.17 \maketitle
               
The control sequence marked <to be read again> should
not appear between \csname and \endcsname.

/home/matteo/code/TrentoParking/D1/main.tex:17: Missing \endcsname inserted.
<to be read again> 
                   \csname\endcsname 
l.17 \maketitle
               
The control sequence marked <to be read again> should
not appear between \csname and \endcsname.

/home/matteo/code/TrentoParking/D1/main.tex:17: Missing \endcsname inserted.
<to be read again> 
                   \csname\endcsname 
l.17 \maketitle
               
The control sequence marked <to be read again> should
not appear between \csname and \endcsname.

/home/matteo/code/TrentoParking/D1/main.tex:17: Missing \endcsname inserted.
<to be read again> 
                   \csname\endcsname 
l.17 \maketitle
               
The control sequence marked <to be read again> should
not appear between \csname and \endcsname.

/home/matteo/code/TrentoParking/D1/main.tex:17: Undefined control sequence.
\GenericError  ...                                
                                                    #4  \errhelp \@err@     ...
l.17 \maketitle
               
The control sequence at the end of the top line
of your error message was never \def'ed. If you have
misspelled it (e.g., `\hobx'), type `I' and the correct
spelling (e.g., `I\hbox'). Otherwise just continue,
and I'll forget about whatever was undefined.

/home/matteo/code/TrentoParking/D1/main.tex:17: Undefined control sequence.
\GenericError  ...                                
                                                  \let \@err@               ...
l.17 \maketitle
               
The control sequence at the end of the top line
of your error message was never \def'ed. If you have
misspelled it (e.g., `\hobx'), type `I' and the correct
spelling (e.g., `I\hbox'). Otherwise just continue,
and I'll forget about whatever was undefined.

/home/matteo/code/TrentoParking/D1/main.tex:17: Undefined control sequence.
\GenericError  ...                                
                                                  \@empty \def \MessageBreak...
l.17 \maketitle
               
The control sequence at the end of the top line
of your error message was never \def'ed. If you have
misspelled it (e.g., `\hobx'), type `I' and the correct
spelling (e.g., `I\hbox'). Otherwise just continue,
and I'll forget about whatever was undefined.

/home/matteo/code/TrentoParking/D1/main.tex:17: Undefined control sequence.
\GenericError  ...                                
                                                     \endgroup 
l.17 \maketitle
               
The control sequence at the end of the top line
of your error message was never \def'ed. If you have
misspelled it (e.g., `\hobx'), type `I' and the correct
spelling (e.g., `I\hbox'). Otherwise just continue,
and I'll forget about whatever was undefined.

/home/matteo/code/TrentoParking/D1/main.tex:17: Missing \endcsname inserted.
<to be read again> 
                   \endgroup 
l.17 \maketitle
               
The control sequence marked <to be read again> should
not appear between \csname and \endcsname.

/home/matteo/code/TrentoParking/D1/main.tex:17: Missing \endcsname inserted.
<to be read again> 
                   \csname\endcsname 
l.17 \maketitle
               
The control sequence marked <to be read again> should
not appear between \csname and \endcsname.

/home/matteo/code/TrentoParking/D1/main.tex:17: Missing \endcsname inserted.
<to be read again> 
                   \csname\endcsname 
l.17 \maketitle
               
The control sequence marked <to be read again> should
not appear between \csname and \endcsname.

/home/matteo/code/TrentoParking/D1/main.tex:17: Missing \endcsname inserted.
<to be read again> 
                   \csname\endcsname 
l.17 \maketitle
               
The control sequence marked <to be read again> should
not appear between \csname and \endcsname.

/home/matteo/code/TrentoParking/D1/main.tex:17: Undefined control sequence.
\GenericError  ...                                
                                                    #4  \errhelp \@err@     ...
l.17 \maketitle
               
The control sequence at the end of the top line
of your error message was never \def'ed. If you have
misspelled it (e.g., `\hobx'), type `I' and the correct
spelling (e.g., `I\hbox'). Otherwise just continue,
and I'll forget about whatever was undefined.

/home/matteo/code/TrentoParking/D1/main.tex:17: Undefined control sequence.
\GenericError  ...                                
                                                  \let \@err@               ...
l.17 \maketitle
               
The control sequence at the end of the top line
of your error message was never \def'ed. If you have
misspelled it (e.g., `\hobx'), type `I' and the correct
spelling (e.g., `I\hbox'). Otherwise just continue,
and I'll forget about whatever was undefined.

/home/matteo/code/TrentoParking/D1/main.tex:17: Undefined control sequence.
\GenericError  ...                                
                                                  \@empty \def \MessageBreak...
l.17 \maketitle
               
The control sequence at the end of the top line
of your error message was never \def'ed. If you have
misspelled it (e.g., `\hobx'), type `I' and the correct
spelling (e.g., `I\hbox'). Otherwise just continue,
and I'll forget about whatever was undefined.

/home/matteo/code/TrentoParking/D1/main.tex:17: Undefined control sequence.
\GenericError  ...                                
                                                     \endgroup 
l.17 \maketitle
               
The control sequence at the end of the top line
of your error message was never \def'ed. If you have
misspelled it (e.g., `\hobx'), type `I' and the correct
spelling (e.g., `I\hbox'). Otherwise just continue,
and I'll forget about whatever was undefined.

/home/matteo/code/TrentoParking/D1/main.tex:17: Missing \endcsname inserted.
<to be read again> 
                   \endgroup 
l.17 \maketitle
               
The control sequence marked <to be read again> should
not appear between \csname and \endcsname.

/home/matteo/code/TrentoParking/D1/main.tex:17: Missing \endcsname inserted.
<to be read again> 
                   \csname\endcsname 
l.17 \maketitle
               
The control sequence marked <to be read again> should
not appear between \csname and \endcsname.

/home/matteo/code/TrentoParking/D1/main.tex:17: Missing \endcsname inserted.
<to be read again> 
                   \csname\endcsname 
l.17 \maketitle
               
The control sequence marked <to be read again> should
not appear between \csname and \endcsname.

/home/matteo/code/TrentoParking/D1/main.tex:17: Missing \endcsname inserted.
<to be read again> 
                   \csname\endcsname 
l.17 \maketitle
               
The control sequence marked <to be read again> should
not appear between \csname and \endcsname.

/home/matteo/code/TrentoParking/D1/main.tex:17: Undefined control sequence.
\GenericError  ...                                
                                                    #4  \errhelp \@err@     ...
l.17 \maketitle
               
The control sequence at the end of the top line
of your error message was never \def'ed. If you have
misspelled it (e.g., `\hobx'), type `I' and the correct
spelling (e.g., `I\hbox'). Otherwise just continue,
and I'll forget about whatever was undefined.

/home/matteo/code/TrentoParking/D1/main.tex:17: Undefined control sequence.
\GenericError  ...                                
                                                  \let \@err@               ...
l.17 \maketitle
               
The control sequence at the end of the top line
of your error message was never \def'ed. If you have
misspelled it (e.g., `\hobx'), type `I' and the correct
spelling (e.g., `I\hbox'). Otherwise just continue,
and I'll forget about whatever was undefined.

/home/matteo/code/TrentoParking/D1/main.tex:17: Undefined control sequence.
\GenericError  ...                                
                                                  \@empty \def \MessageBreak...
l.17 \maketitle
               
The control sequence at the end of the top line
of your error message was never \def'ed. If you have
misspelled it (e.g., `\hobx'), type `I' and the correct
spelling (e.g., `I\hbox'). Otherwise just continue,
and I'll forget about whatever was undefined.

/home/matteo/code/TrentoParking/D1/main.tex:17: Undefined control sequence.
\GenericError  ...                                
                                                     \endgroup 
l.17 \maketitle
               
The control sequence at the end of the top line
of your error message was never \def'ed. If you have
misspelled it (e.g., `\hobx'), type `I' and the correct
spelling (e.g., `I\hbox'). Otherwise just continue,
and I'll forget about whatever was undefined.

/home/matteo/code/TrentoParking/D1/main.tex:17: Missing \endcsname inserted.
<to be read again> 
                   \endgroup 
l.17 \maketitle
               
The control sequence marked <to be read again> should
not appear between \csname and \endcsname.

/home/matteo/code/TrentoParking/D1/main.tex:17: Missing \endcsname inserted.
<to be read again> 
                   \csname\endcsname 
l.17 \maketitle
               
The control sequence marked <to be read again> should
not appear between \csname and \endcsname.

/home/matteo/code/TrentoParking/D1/main.tex:17: Missing \endcsname inserted.
<to be read again> 
                   \csname\endcsname 
l.17 \maketitle
               
The control sequence marked <to be read again> should
not appear between \csname and \endcsname.

/home/matteo/code/TrentoParking/D1/main.tex:17: Missing \endcsname inserted.
<to be read again> 
                   \csname\endcsname 
l.17 \maketitle
               
The control sequence marked <to be read again> should
not appear between \csname and \endcsname.

/home/matteo/code/TrentoParking/D1/main.tex:17: Undefined control sequence.
\GenericError  ...                                
                                                    #4  \errhelp \@err@     ...
l.17 \maketitle
               
The control sequence at the end of the top line
of your error message was never \def'ed. If you have
misspelled it (e.g., `\hobx'), type `I' and the correct
spelling (e.g., `I\hbox'). Otherwise just continue,
and I'll forget about whatever was undefined.

/home/matteo/code/TrentoParking/D1/main.tex:17: Undefined control sequence.
\GenericError  ...                                
                                                  \let \@err@               ...
l.17 \maketitle
               
The control sequence at the end of the top line
of your error message was never \def'ed. If you have
misspelled it (e.g., `\hobx'), type `I' and the correct
spelling (e.g., `I\hbox'). Otherwise just continue,
and I'll forget about whatever was undefined.

/home/matteo/code/TrentoParking/D1/main.tex:17: Undefined control sequence.
\GenericError  ...                                
                                                  \@empty \def \MessageBreak...
l.17 \maketitle
               
The control sequence at the end of the top line
of your error message was never \def'ed. If you have
misspelled it (e.g., `\hobx'), type `I' and the correct
spelling (e.g., `I\hbox'). Otherwise just continue,
and I'll forget about whatever was undefined.

/home/matteo/code/TrentoParking/D1/main.tex:17: Undefined control sequence.
\GenericError  ...                                
                                                     \endgroup 
l.17 \maketitle
               
The control sequence at the end of the top line
of your error message was never \def'ed. If you have
misspelled it (e.g., `\hobx'), type `I' and the correct
spelling (e.g., `I\hbox'). Otherwise just continue,
and I'll forget about whatever was undefined.

/home/matteo/code/TrentoParking/D1/main.tex:17: Missing \endcsname inserted.
<to be read again> 
                   \endgroup 
l.17 \maketitle
               
The control sequence marked <to be read again> should
not appear between \csname and \endcsname.

/home/matteo/code/TrentoParking/D1/main.tex:17: Missing \endcsname inserted.
<to be read again> 
                   \csname\endcsname 
l.17 \maketitle
               
The control sequence marked <to be read again> should
not appear between \csname and \endcsname.

/home/matteo/code/TrentoParking/D1/main.tex:17: Missing \endcsname inserted.
<to be read again> 
                   \csname\endcsname 
l.17 \maketitle
               
The control sequence marked <to be read again> should
not appear between \csname and \endcsname.

/home/matteo/code/TrentoParking/D1/main.tex:17: Missing \endcsname inserted.
<to be read again> 
                   \csname\endcsname 
l.17 \maketitle
               
The control sequence marked <to be read again> should
not appear between \csname and \endcsname.

/home/matteo/code/TrentoParking/D1/main.tex:17: Undefined control sequence.
\GenericError  ...                                
                                                    #4  \errhelp \@err@     ...
l.17 \maketitle
               
The control sequence at the end of the top line
of your error message was never \def'ed. If you have
misspelled it (e.g., `\hobx'), type `I' and the correct
spelling (e.g., `I\hbox'). Otherwise just continue,
and I'll forget about whatever was undefined.

/home/matteo/code/TrentoParking/D1/main.tex:17: Undefined control sequence.
\GenericError  ...                                
                                                  \let \@err@               ...
l.17 \maketitle
               
The control sequence at the end of the top line
of your error message was never \def'ed. If you have
misspelled it (e.g., `\hobx'), type `I' and the correct
spelling (e.g., `I\hbox'). Otherwise just continue,
and I'll forget about whatever was undefined.

/home/matteo/code/TrentoParking/D1/main.tex:17: Undefined control sequence.
\GenericError  ...                                
                                                  \@empty \def \MessageBreak...
l.17 \maketitle
               
The control sequence at the end of the top line
of your error message was never \def'ed. If you have
misspelled it (e.g., `\hobx'), type `I' and the correct
spelling (e.g., `I\hbox'). Otherwise just continue,
and I'll forget about whatever was undefined.

/home/matteo/code/TrentoParking/D1/main.tex:17: Undefined control sequence.
\GenericError  ...                                
                                                     \endgroup 
l.17 \maketitle
               
The control sequence at the end of the top line
of your error message was never \def'ed. If you have
misspelled it (e.g., `\hobx'), type `I' and the correct
spelling (e.g., `I\hbox'). Otherwise just continue,
and I'll forget about whatever was undefined.

/home/matteo/code/TrentoParking/D1/main.tex:17: Missing \endcsname inserted.
<to be read again> 
                   \endgroup 
l.17 \maketitle
               
(That makes 100 errors; please try again.) 
Here is how much of TeX's memory you used:
 10497 strings out of 469515
 164151 string characters out of 5470807
 590072 words of memory out of 5000000
 39074 multiletter control sequences out of 15000+600000
 628783 words of font info for 42 fonts, out of 8000000 for 9000
 14 hyphenation exceptions out of 8191
 75i,0n,79p,283b,85s stack positions out of 10000i,1000n,20000p,200000b,200000s

/home/matteo/code/TrentoParking/D1/main.tex:17:  ==> Fatal error occurred, no output PDF file produced!
